<?xml version="1.0" encoding="UTF-8"?>
<!-- Generated by org.testng.reporters.JUnitReportReporter -->
<testsuite hostname="USBLRVRAMDASBA2" failures="0" tests="1" name="com.txautomation.testcases.AppropriationTestFlow" time="81.651" errors="0" timestamp="2023-08-03T23:16:51 IST" skipped="0">
  <testcase classname="com.txautomation.testcases.AppropriationTestFlow" name="appropriationTest" time="81.651"/>
  <system-out>
    <![CDATA[setting up reports and test is running
setting up browser and url
Application is up and running
Test is about to end
Tests completed and reports generated
quitting the browser]]>
  </system-out>
</testsuite> <!-- com.txautomation.testcases.AppropriationTestFlow -->
